Tue Jul 31 10:04:15 UTC 2018
[master (root-commit) a41c8ee] protected grass
 2 files changed, 13 insertions(+)
 create mode 100755 history.log
 create mode 100755 protect.sh
Tue Jul 31 10:05:26 UTC 2018
[master 50d6c02] protected grass
 1 file changed, 5 insertions(+)
Tue Jul 31 10:06:35 UTC 2018
[master c8834de] protected grass
 2 files changed, 4 insertions(+)
 create mode 100644 readme.md
Tue Jul 31 10:10:04 UTC 2018
[master 5c6fdab] protected grass
 1 file changed, 4 insertions(+)
Wed Aug  1 00:30:01 UTC 2018
[master dbfada0] protected grass
 1 file changed, 3 insertions(+)
Thu Aug  2 00:30:01 UTC 2018
[master e1a89ed] protected grass
 1 file changed, 3 insertions(+)
Fri Aug  3 00:30:01 UTC 2018
[master 8066235] protected grass
 1 file changed, 3 insertions(+)
Sat Aug  4 00:30:01 UTC 2018
[master e0130aa] protected grass
 1 file changed, 3 insertions(+)
Sun Aug  5 00:30:01 UTC 2018
[master a2a6528] protected grass
 1 file changed, 3 insertions(+)
Mon Aug  6 00:30:01 UTC 2018
[master 68ebfff] protected grass
 1 file changed, 3 insertions(+)
Tue Aug  7 00:30:01 UTC 2018
[master 780f1cd] protected grass
 1 file changed, 3 insertions(+)
Wed Aug  8 00:30:01 UTC 2018
[master ac52dd8] protected grass
 1 file changed, 3 insertions(+)
Thu Aug  9 00:30:01 UTC 2018
[master afff057] protected grass
 1 file changed, 3 insertions(+)
Fri Aug 10 00:30:01 UTC 2018
[master f825665] protected grass
 1 file changed, 3 insertions(+)
Sat Aug 11 00:30:01 UTC 2018
[master 05c258c] protected grass
 1 file changed, 3 insertions(+)
Sun Aug 12 00:30:01 UTC 2018
[master 6440a79] protected grass
 1 file changed, 3 insertions(+)
Mon Aug 13 00:30:01 UTC 2018
[master f9e32e6] protected grass
 1 file changed, 3 insertions(+)
Tue Aug 14 00:30:01 UTC 2018
[master ed479e4] protected grass
 1 file changed, 3 insertions(+)
Wed Aug 15 00:30:01 UTC 2018
Thu Aug 16 01:38:01 KST 2018
Thu Aug 16 01:40:01 KST 2018
Thu Aug 16 01:45:08 KST 2018
Thu Aug 16 01:48:45 KST 2018
[master 1ae17f2] protected grass
 1 file changed, 2 insertions(+)
Thu Aug 16 01:57:48 KST 2018
[master 5316cc9] protected grass
 1 file changed, 3 insertions(+)
Thu Aug 16 02:04:51 KST 2018
[master f5718bf] protected grass
 1 file changed, 3 insertions(+)
Thu Aug 16 02:05:03 KST 2018
Thu Aug 16 02:13:37 KST 2018
[master d3afcfc] protected grass
 1 file changed, 1 insertion(+)
Thu Aug 16 02:15:01 KST 2018
Thu Aug 16 02:16:07 KST 2018
[master ccb4afc] protected grass
 1 file changed, 4 insertions(+)
Thu Aug 16 02:16:32 KST 2018
[master 20ba10d] protected grass
 1 file changed, 3 insertions(+)
Thu Aug 16 02:16:47 KST 2018
[master 49a7fd0] protected grass
 1 file changed, 3 insertions(+)
Thu Aug 16 02:17:02 KST 2018
[master 2e42679] protected grass
 1 file changed, 3 insertions(+)
Thu Aug 16 02:17:09 KST 2018
[master fbadd4e] protected grass
 1 file changed, 3 insertions(+)
Thu Aug 16 03:00:02 KST 2018
Thu Aug 16 04:00:01 KST 2018
Thu Aug 16 05:00:01 KST 2018
Thu Aug 16 06:00:01 KST 2018
Thu Aug 16 07:00:01 KST 2018
Thu Aug 16 14:38:01 KST 2018
[master cc7552b] protected grass
 1 file changed, 8 insertions(+)
Thu Aug 16 15:00:01 KST 2018
Thu Aug 16 16:00:01 KST 2018
[master 403e46f] protected grass
 1 file changed, 4 insertions(+)
Thu Aug 16 17:00:01 KST 2018
[master a05be29] protected grass
 1 file changed, 3 insertions(+)
Thu Aug 16 18:00:01 KST 2018
[master d5447aa] protected grass
 1 file changed, 3 insertions(+)
Thu Aug 16 19:00:01 KST 2018
[master 124370a] protected grass
 1 file changed, 3 insertions(+)
Thu Aug 16 20:00:01 KST 2018
[master 8c50bd4] protected grass
 1 file changed, 3 insertions(+)
Thu Aug 16 21:00:02 KST 2018
On branch master
Your branch is up-to-date with 'origin/master'.
Changes not staged for commit:
	modified:   history.log

no changes added to commit
Thu Aug 16 22:00:01 KST 2018
[master cada8da] protected grass
 1 file changed, 10 insertions(+)
Thu Aug 16 23:00:01 KST 2018
Fri Aug 17 00:00:01 KST 2018
[master 594b970] protected grass
 1 file changed, 4 insertions(+)
Fri Aug 17 01:00:01 KST 2018
[master 8871b65] protected grass
 1 file changed, 3 insertions(+)
Fri Aug 17 02:00:01 KST 2018
[master e3a1448] protected grass
 1 file changed, 3 insertions(+)
Fri Aug 17 03:00:01 KST 2018
